<?xml version="1.0" encoding="UTF-8"?>
<!-- Generated by org.testng.reporters.JUnitXMLReporter -->
<testsuite ignored="0" hostname="ARPGL007078" failures="3" tests="12" name="Test" time="233.621" errors="0" timestamp="2025-03-29T17:06:06 IST">
  <testcase classname="LamdaTestFiles.LambdaTestForEdgeBrowser" name="testScenario_SimpleFromDemoTest" time="2.375"/>
  <testcase classname="LamdaTestFiles.LambdaTestForEdgeBrowser" name="testScenario2_DragAndDropSliderTest" time="2.52"/>
  <testcase classname="LamdaTestFiles.LambdaTestForEdgeBrowser" name="testScenario3_InputFormSubmitTest" time="7.003"/>
  <testcase classname="LamdaTestFiles.LambdaTestForIEBrowser" name="testScenario_SimpleFromDemoTest" time="5.982">
    <failure type="java.lang.AssertionError" message="expected [] but found [Welcome to Lambda Test]">
      <![CDATA[java.lang.AssertionError: expected [] but found [Welcome to Lambda Test]
at LamdaTestFiles.LambdaTestForIEBrowser.testScenario_SimpleFromDemoTest(LambdaTestForIEBrowser.java:76)
at java.base/java.util.ArrayList.forEach(ArrayList.java:1596)
... Removed 31 stack frames]]>
    </failure>
  </testcase> <!-- testScenario_SimpleFromDemoTest -->
  <testcase classname="LamdaTestFiles.LambdaTestForIEBrowser" name="testScenario2_DragAndDropSliderTest" time="2.935">
    <failure type="java.lang.AssertionError" message="Slider value is not updated to 95! expected [95] but found [15]">
      <![CDATA[java.lang.AssertionError: Slider value is not updated to 95! expected [95] but found [15]
at LamdaTestFiles.LambdaTestForIEBrowser.testScenario2_DragAndDropSliderTest(LambdaTestForIEBrowser.java:94)
at java.base/java.util.ArrayList.forEach(ArrayList.java:1596)
... Removed 30 stack frames]]>
    </failure>
  </testcase> <!-- testScenario2_DragAndDropSliderTest -->
  <testcase classname="LamdaTestFiles.LambdaTestForIEBrowser" name="testScenario3_InputFormSubmitTest" time="8.96">
    <failure type="java.lang.AssertionError" message="expected [Thanks for contacting us, we will get back to you shortly.] but found []">
      <![CDATA[java.lang.AssertionError: expected [Thanks for contacting us, we will get back to you shortly.] but found []
at LamdaTestFiles.LambdaTestForIEBrowser.testScenario3_InputFormSubmitTest(LambdaTestForIEBrowser.java:133)
at java.base/java.util.ArrayList.forEach(ArrayList.java:1596)
... Removed 31 stack frames]]>
    </failure>
  </testcase> <!-- testScenario3_InputFormSubmitTest -->
  <testcase classname="LamdaTestFiles.LambdaTestForFirefoxBrowser" name="testScenario_SimpleFromDemoTest" time="5.808"/>
  <testcase classname="LamdaTestFiles.LambdaTestForFirefoxBrowser" name="testScenario2_DragAndDropSliderTest" time="3.178"/>
  <testcase classname="LamdaTestFiles.LambdaTestForFirefoxBrowser" name="testScenario3_InputFormSubmitTest" time="10.637"/>
  <testcase classname="LamdaTestFiles.LambdaTestForChromeBrowser" name="testScenario_SimpleFromDemoTest" time="4.14"/>
  <testcase classname="LamdaTestFiles.LambdaTestForChromeBrowser" name="testScenario2_DragAndDropSliderTest" time="3.736"/>
  <testcase classname="LamdaTestFiles.LambdaTestForChromeBrowser" name="testScenario3_InputFormSubmitTest" time="8.251"/>
</testsuite> <!-- Test -->
