<!DOCTYPE html PUBLIC "-//W3C//DTD XHTML 1.1//EN" "https://www.w3.org/TR/xhtml11/DTD/xhtml11.dtd">
<html xmlns="https://www.w3.org/1999/xhtml">
<head>
<meta http-equiv="content-type" content="text/html; charset=UTF-8"/>
<title>TestNG Report</title>
<style type="text/css">table {margin-bottom:10px;border-collapse:collapse;empty-cells:show}th,td {border:1px solid #009;padding:.25em .5em}th {vertical-align:bottom}td {vertical-align:top}table a {font-weight:bold}.stripe td {background-color: #E6EBF9}.num {text-align:right}.passedodd td {background-color: #3F3}.passedeven td {background-color: #0A0}.skippedodd td {background-color: #DDD}.skippedeven td {background-color: #CCC}.failedodd td,.attn {background-color: #F33}.failedeven td,.stripe .attn {background-color: #D00}.stacktrace {white-space:pre;font-family:monospace}.totop {font-size:85%;text-align:center;border-bottom:2px solid #000}.invisible {display:none}</style>
</head>
<body>
<table>
<tr><th>Test</th><th># Passed</th><th># Skipped</th><th># Retried</th><th># Failed</th><th>Time (ms)</th><th>Included Groups</th><th>Excluded Groups</th></tr>
<tr><th colspan="8">SeleniumJava 101 Suite</th></tr>
<tr><td><a href="#t0">Test</a></td><td class="num">9</td><td class="num">0</td><td class="num">0</td><td class="num attn">3</td><td class="num">233,621</td><td></td><td></td></tr>
</table>
<table id='summary'><thead><tr><th>Class</th><th>Method</th><th>Start</th><th>Time (ms)</th></tr></thead><tbody><tr><th colspan="4">SeleniumJava 101 Suite</th></tr></tbody><tbody id="t0"><tr><th colspan="4">Test &#8212; failed</th></tr><tr class="failedeven"><td rowspan="3">LamdaTestFiles.LambdaTestForIEBrowser</td><td><a href="#m0">testScenario2_DragAndDropSliderTest</a></td><td rowspan="1">1743248011983</td><td rowspan="1">2935</td></tr><tr class="failedeven"><td><a href="#m1">testScenario3_InputFormSubmitTest</a></td><td rowspan="1">1743248024080</td><td rowspan="1">8960</td></tr><tr class="failedeven"><td><a href="#m2">testScenario_SimpleFromDemoTest</a></td><td rowspan="1">1743247996309</td><td rowspan="1">5982</td></tr><tr><th colspan="4">Test &#8212; passed</th></tr><tr class="passedeven"><td rowspan="3">LamdaTestFiles.LambdaTestForChromeBrowser</td><td><a href="#m3">testScenario2_DragAndDropSliderTest</a></td><td rowspan="1">1743248132887</td><td rowspan="1">3736</td></tr><tr class="passedeven"><td><a href="#m4">testScenario3_InputFormSubmitTest</a></td><td rowspan="1">1743248158476</td><td rowspan="1">8251</td></tr><tr class="passedeven"><td><a href="#m5">testScenario_SimpleFromDemoTest</a></td><td rowspan="1">1743248120412</td><td rowspan="1">4140</td></tr><tr class="passedodd"><td rowspan="3">LamdaTestFiles.LambdaTestForEdgeBrowser</td><td><a href="#m6">testScenario2_DragAndDropSliderTest</a></td><td rowspan="1">1743247960023</td><td rowspan="1">2520</td></tr><tr class="passedodd"><td><a href="#m7">testScenario3_InputFormSubmitTest</a></td><td rowspan="1">1743247978028</td><td rowspan="1">7003</td></tr><tr class="passedodd"><td><a href="#m8">testScenario_SimpleFromDemoTest</a></td><td rowspan="1">1743247942045</td><td rowspan="1">2375</td></tr><tr class="passedeven"><td rowspan="3">LamdaTestFiles.LambdaTestForFirefoxBrowser</td><td><a href="#m9">testScenario2_DragAndDropSliderTest</a></td><td rowspan="1">1743248068124</td><td rowspan="1">3178</td></tr><tr class="passedeven"><td><a href="#m10">testScenario3_InputFormSubmitTest</a></td><td rowspan="1">1743248086769</td><td rowspan="1">10637</td></tr><tr class="passedeven"><td><a href="#m11">testScenario_SimpleFromDemoTest</a></td><td rowspan="1">1743248046630</td><td rowspan="1">5808</td></tr></tbody>
</table>
<h2>Test</h2><h3 id="m0">LamdaTestFiles.LambdaTestForIEBrowser#testScenario2_DragAndDropSliderTest</h3><table class="result"><tr><th>Exception</th></tr><tr><td><div class="stacktrace">java.lang.AssertionError: Slider value is not updated to 95! expected [95] but found [15]
	at LamdaTestFiles.LambdaTestForIEBrowser.testScenario2_DragAndDropSliderTest(LambdaTestForIEBrowser.java:94)
	at java.base/java.util.ArrayList.forEach(ArrayList.java:1596)
... Removed 30 stack frames</div></td></tr></table><p class="totop"><a href="#summary">back to summary</a></p>
<h3 id="m1">LamdaTestFiles.LambdaTestForIEBrowser#testScenario3_InputFormSubmitTest</h3><table class="result"><tr><th>Exception</th></tr><tr><td><div class="stacktrace">java.lang.AssertionError: expected [Thanks for contacting us, we will get back to you shortly.] but found []
	at LamdaTestFiles.LambdaTestForIEBrowser.testScenario3_InputFormSubmitTest(LambdaTestForIEBrowser.java:133)
	at java.base/java.util.ArrayList.forEach(ArrayList.java:1596)
... Removed 31 stack frames</div></td></tr></table><p class="totop"><a href="#summary">back to summary</a></p>
<h3 id="m2">LamdaTestFiles.LambdaTestForIEBrowser#testScenario_SimpleFromDemoTest</h3><table class="result"><tr><th>Exception</th></tr><tr><td><div class="stacktrace">java.lang.AssertionError: expected [] but found [Welcome to Lambda Test]
	at LamdaTestFiles.LambdaTestForIEBrowser.testScenario_SimpleFromDemoTest(LambdaTestForIEBrowser.java:76)
	at java.base/java.util.ArrayList.forEach(ArrayList.java:1596)
... Removed 31 stack frames</div></td></tr></table><p class="totop"><a href="#summary">back to summary</a></p>
<h3 id="m3">LamdaTestFiles.LambdaTestForChromeBrowser#testScenario2_DragAndDropSliderTest</h3><table class="result"><tr><th class="invisible"/></tr></table><p class="totop"><a href="#summary">back to summary</a></p>
<h3 id="m4">LamdaTestFiles.LambdaTestForChromeBrowser#testScenario3_InputFormSubmitTest</h3><table class="result"><tr><th class="invisible"/></tr></table><p class="totop"><a href="#summary">back to summary</a></p>
<h3 id="m5">LamdaTestFiles.LambdaTestForChromeBrowser#testScenario_SimpleFromDemoTest</h3><table class="result"><tr><th class="invisible"/></tr></table><p class="totop"><a href="#summary">back to summary</a></p>
<h3 id="m6">LamdaTestFiles.LambdaTestForEdgeBrowser#testScenario2_DragAndDropSliderTest</h3><table class="result"><tr><th class="invisible"/></tr></table><p class="totop"><a href="#summary">back to summary</a></p>
<h3 id="m7">LamdaTestFiles.LambdaTestForEdgeBrowser#testScenario3_InputFormSubmitTest</h3><table class="result"><tr><th class="invisible"/></tr></table><p class="totop"><a href="#summary">back to summary</a></p>
<h3 id="m8">LamdaTestFiles.LambdaTestForEdgeBrowser#testScenario_SimpleFromDemoTest</h3><table class="result"><tr><th class="invisible"/></tr></table><p class="totop"><a href="#summary">back to summary</a></p>
<h3 id="m9">LamdaTestFiles.LambdaTestForFirefoxBrowser#testScenario2_DragAndDropSliderTest</h3><table class="result"><tr><th class="invisible"/></tr></table><p class="totop"><a href="#summary">back to summary</a></p>
<h3 id="m10">LamdaTestFiles.LambdaTestForFirefoxBrowser#testScenario3_InputFormSubmitTest</h3><table class="result"><tr><th class="invisible"/></tr></table><p class="totop"><a href="#summary">back to summary</a></p>
<h3 id="m11">LamdaTestFiles.LambdaTestForFirefoxBrowser#testScenario_SimpleFromDemoTest</h3><table class="result"><tr><th class="invisible"/></tr></table><p class="totop"><a href="#summary">back to summary</a></p>
</body>
</html>
