<?xml version="1.0" encoding="UTF-8"?>
<testng-results ignored="0" total="12" passed="9" failed="3" skipped="0">
  <reporter-output>
  </reporter-output>
  <suite started-at="2025-03-29T17:02:13 IST" name="SeleniumJava 101 Suite" finished-at="2025-03-29T17:06:06 IST" duration-ms="233621">
    <groups>
    </groups>
    <test started-at="2025-03-29T17:02:13 IST" name="Test" finished-at="2025-03-29T17:06:06 IST" duration-ms="233621">
      <class name="LamdaTestFiles.LambdaTestForIEBrowser">
        <test-method is-config="true" signature="setup()[pri:0, instance:LamdaTestFiles.LambdaTestForIEBrowser@5bf0d49]" started-at="2025-03-29T17:03:05 IST" name="setup" finished-at="2025-03-29T17:03:16 IST" duration-ms="10981" status="PASS">
          <reporter-output>
          </reporter-output>
        </test-method> <!-- setup -->
        <test-method signature="testScenario_SimpleFromDemoTest()[pri:0, instance:LamdaTestFiles.LambdaTestForIEBrowser@5bf0d49]" started-at="2025-03-29T17:03:16 IST" name="testScenario_SimpleFromDemoTest" finished-at="2025-03-29T17:03:22 IST" duration-ms="5982" status="FAIL">
          <exception class="java.lang.AssertionError">
            <message>
              <![CDATA[expected [] but found [Welcome to Lambda Test]]]>
            </message>
            <full-stacktrace>
              <![CDATA[java.lang.AssertionError: expected [] but found [Welcome to Lambda Test]
at org.testng.Assert.fail(Assert.java:111)
at org.testng.Assert.failNotEquals(Assert.java:1578)
at org.testng.Assert.assertEqualsImpl(Assert.java:150)
at org.testng.Assert.assertEquals(Assert.java:132)
at org.testng.Assert.assertEquals(Assert.java:656)
at org.testng.Assert.assertEquals(Assert.java:666)
at LamdaTestFiles.LambdaTestForIEBrowser.testScenario_SimpleFromDemoTest(LambdaTestForIEBrowser.java:76)
at java.base/jdk.internal.reflect.DirectMethodHandleAccessor.invoke(DirectMethodHandleAccessor.java:103)
at java.base/java.lang.reflect.Method.invoke(Method.java:580)
at org.testng.internal.invokers.MethodInvocationHelper.invokeMethod(MethodInvocationHelper.java:139)
at org.testng.internal.invokers.TestInvoker.invokeMethod(TestInvoker.java:664)
at org.testng.internal.invokers.TestInvoker.invokeTestMethod(TestInvoker.java:227)
at org.testng.internal.invokers.MethodRunner.runInSequence(MethodRunner.java:50)
at org.testng.internal.invokers.TestInvoker$MethodInvocationAgent.invoke(TestInvoker.java:957)
at org.testng.internal.invokers.TestInvoker.invokeTestMethods(TestInvoker.java:200)
at org.testng.internal.invokers.TestMethodWorker.invokeTestMethods(TestMethodWorker.java:148)
at org.testng.internal.invokers.TestMethodWorker.run(TestMethodWorker.java:128)
at java.base/java.util.ArrayList.forEach(ArrayList.java:1596)
at org.testng.TestRunner.privateRun(TestRunner.java:848)
at org.testng.TestRunner.run(TestRunner.java:621)
at org.testng.SuiteRunner.runTest(SuiteRunner.java:443)
at org.testng.SuiteRunner.runSequentially(SuiteRunner.java:437)
at org.testng.SuiteRunner.privateRun(SuiteRunner.java:397)
at org.testng.SuiteRunner.run(SuiteRunner.java:336)
at org.testng.SuiteRunnerWorker.runSuite(SuiteRunnerWorker.java:52)
at org.testng.SuiteRunnerWorker.run(SuiteRunnerWorker.java:95)
at org.testng.TestNG.runSuitesSequentially(TestNG.java:1280)
at org.testng.TestNG.runSuitesLocally(TestNG.java:1200)
at org.testng.TestNG.runSuites(TestNG.java:1114)
at org.testng.TestNG.run(TestNG.java:1082)
at org.testng.remote.AbstractRemoteTestNG.run(AbstractRemoteTestNG.java:115)
at org.testng.remote.RemoteTestNG.initAndRun(RemoteTestNG.java:293)
at org.testng.remote.RemoteTestNG.main(RemoteTestNG.java:91)
]]>
            </full-stacktrace>
          </exception> <!-- java.lang.AssertionError -->
          <reporter-output>
          </reporter-output>
        </test-method> <!-- testScenario_SimpleFromDemoTest -->
        <test-method is-config="true" signature="tearDown()[pri:0, instance:LamdaTestFiles.LambdaTestForIEBrowser@5bf0d49]" started-at="2025-03-29T17:03:22 IST" name="tearDown" finished-at="2025-03-29T17:03:22 IST" duration-ms="81" status="PASS">
          <reporter-output>
          </reporter-output>
        </test-method> <!-- tearDown -->
        <test-method is-config="true" signature="setup()[pri:0, instance:LamdaTestFiles.LambdaTestForIEBrowser@5bf0d49]" started-at="2025-03-29T17:03:22 IST" name="setup" finished-at="2025-03-29T17:03:31 IST" duration-ms="9607" status="PASS">
          <reporter-output>
          </reporter-output>
        </test-method> <!-- setup -->
        <test-method signature="testScenario2_DragAndDropSliderTest()[pri:1, instance:LamdaTestFiles.LambdaTestForIEBrowser@5bf0d49]" started-at="2025-03-29T17:03:31 IST" name="testScenario2_DragAndDropSliderTest" finished-at="2025-03-29T17:03:34 IST" duration-ms="2935" status="FAIL">
          <exception class="java.lang.AssertionError">
            <message>
              <![CDATA[Slider value is not updated to 95! expected [95] but found [15]]]>
            </message>
            <full-stacktrace>
              <![CDATA[java.lang.AssertionError: Slider value is not updated to 95! expected [95] but found [15]
at org.testng.Assert.fail(Assert.java:111)
at org.testng.Assert.failNotEquals(Assert.java:1578)
at org.testng.Assert.assertEqualsImpl(Assert.java:150)
at org.testng.Assert.assertEquals(Assert.java:132)
at org.testng.Assert.assertEquals(Assert.java:656)
at LamdaTestFiles.LambdaTestForIEBrowser.testScenario2_DragAndDropSliderTest(LambdaTestForIEBrowser.java:94)
at java.base/jdk.internal.reflect.DirectMethodHandleAccessor.invoke(DirectMethodHandleAccessor.java:103)
at java.base/java.lang.reflect.Method.invoke(Method.java:580)
at org.testng.internal.invokers.MethodInvocationHelper.invokeMethod(MethodInvocationHelper.java:139)
at org.testng.internal.invokers.TestInvoker.invokeMethod(TestInvoker.java:664)
at org.testng.internal.invokers.TestInvoker.invokeTestMethod(TestInvoker.java:227)
at org.testng.internal.invokers.MethodRunner.runInSequence(MethodRunner.java:50)
at org.testng.internal.invokers.TestInvoker$MethodInvocationAgent.invoke(TestInvoker.java:957)
at org.testng.internal.invokers.TestInvoker.invokeTestMethods(TestInvoker.java:200)
at org.testng.internal.invokers.TestMethodWorker.invokeTestMethods(TestMethodWorker.java:148)
at org.testng.internal.invokers.TestMethodWorker.run(TestMethodWorker.java:128)
at java.base/java.util.ArrayList.forEach(ArrayList.java:1596)
at org.testng.TestRunner.privateRun(TestRunner.java:848)
at org.testng.TestRunner.run(TestRunner.java:621)
at org.testng.SuiteRunner.runTest(SuiteRunner.java:443)
at org.testng.SuiteRunner.runSequentially(SuiteRunner.java:437)
at org.testng.SuiteRunner.privateRun(SuiteRunner.java:397)
at org.testng.SuiteRunner.run(SuiteRunner.java:336)
at org.testng.SuiteRunnerWorker.runSuite(SuiteRunnerWorker.java:52)
at org.testng.SuiteRunnerWorker.run(SuiteRunnerWorker.java:95)
at org.testng.TestNG.runSuitesSequentially(TestNG.java:1280)
at org.testng.TestNG.runSuitesLocally(TestNG.java:1200)
at org.testng.TestNG.runSuites(TestNG.java:1114)
at org.testng.TestNG.run(TestNG.java:1082)
at org.testng.remote.AbstractRemoteTestNG.run(AbstractRemoteTestNG.java:115)
at org.testng.remote.RemoteTestNG.initAndRun(RemoteTestNG.java:293)
at org.testng.remote.RemoteTestNG.main(RemoteTestNG.java:91)
]]>
            </full-stacktrace>
          </exception> <!-- java.lang.AssertionError -->
          <reporter-output>
          </reporter-output>
        </test-method> <!-- testScenario2_DragAndDropSliderTest -->
        <test-method is-config="true" signature="tearDown()[pri:0, instance:LamdaTestFiles.LambdaTestForIEBrowser@5bf0d49]" started-at="2025-03-29T17:03:34 IST" name="tearDown" finished-at="2025-03-29T17:03:35 IST" duration-ms="155" status="PASS">
          <reporter-output>
          </reporter-output>
        </test-method> <!-- tearDown -->
        <test-method is-config="true" signature="setup()[pri:0, instance:LamdaTestFiles.LambdaTestForIEBrowser@5bf0d49]" started-at="2025-03-29T17:03:35 IST" name="setup" finished-at="2025-03-29T17:03:44 IST" duration-ms="9003" status="PASS">
          <reporter-output>
          </reporter-output>
        </test-method> <!-- setup -->
        <test-method signature="testScenario3_InputFormSubmitTest()[pri:2, instance:LamdaTestFiles.LambdaTestForIEBrowser@5bf0d49]" started-at="2025-03-29T17:03:44 IST" name="testScenario3_InputFormSubmitTest" finished-at="2025-03-29T17:03:53 IST" duration-ms="8960" status="FAIL">
          <exception class="java.lang.AssertionError">
            <message>
              <![CDATA[expected [Thanks for contacting us, we will get back to you shortly.] but found []]]>
            </message>
            <full-stacktrace>
              <![CDATA[java.lang.AssertionError: expected [Thanks for contacting us, we will get back to you shortly.] but found []
at org.testng.Assert.fail(Assert.java:111)
at org.testng.Assert.failNotEquals(Assert.java:1578)
at org.testng.Assert.assertEqualsImpl(Assert.java:150)
at org.testng.Assert.assertEquals(Assert.java:132)
at org.testng.Assert.assertEquals(Assert.java:656)
at org.testng.Assert.assertEquals(Assert.java:666)
at LamdaTestFiles.LambdaTestForIEBrowser.testScenario3_InputFormSubmitTest(LambdaTestForIEBrowser.java:133)
at java.base/jdk.internal.reflect.DirectMethodHandleAccessor.invoke(DirectMethodHandleAccessor.java:103)
at java.base/java.lang.reflect.Method.invoke(Method.java:580)
at org.testng.internal.invokers.MethodInvocationHelper.invokeMethod(MethodInvocationHelper.java:139)
at org.testng.internal.invokers.TestInvoker.invokeMethod(TestInvoker.java:664)
at org.testng.internal.invokers.TestInvoker.invokeTestMethod(TestInvoker.java:227)
at org.testng.internal.invokers.MethodRunner.runInSequence(MethodRunner.java:50)
at org.testng.internal.invokers.TestInvoker$MethodInvocationAgent.invoke(TestInvoker.java:957)
at org.testng.internal.invokers.TestInvoker.invokeTestMethods(TestInvoker.java:200)
at org.testng.internal.invokers.TestMethodWorker.invokeTestMethods(TestMethodWorker.java:148)
at org.testng.internal.invokers.TestMethodWorker.run(TestMethodWorker.java:128)
at java.base/java.util.ArrayList.forEach(ArrayList.java:1596)
at org.testng.TestRunner.privateRun(TestRunner.java:848)
at org.testng.TestRunner.run(TestRunner.java:621)
at org.testng.SuiteRunner.runTest(SuiteRunner.java:443)
at org.testng.SuiteRunner.runSequentially(SuiteRunner.java:437)
at org.testng.SuiteRunner.privateRun(SuiteRunner.java:397)
at org.testng.SuiteRunner.run(SuiteRunner.java:336)
at org.testng.SuiteRunnerWorker.runSuite(SuiteRunnerWorker.java:52)
at org.testng.SuiteRunnerWorker.run(SuiteRunnerWorker.java:95)
at org.testng.TestNG.runSuitesSequentially(TestNG.java:1280)
at org.testng.TestNG.runSuitesLocally(TestNG.java:1200)
at org.testng.TestNG.runSuites(TestNG.java:1114)
at org.testng.TestNG.run(TestNG.java:1082)
at org.testng.remote.AbstractRemoteTestNG.run(AbstractRemoteTestNG.java:115)
at org.testng.remote.RemoteTestNG.initAndRun(RemoteTestNG.java:293)
at org.testng.remote.RemoteTestNG.main(RemoteTestNG.java:91)
]]>
            </full-stacktrace>
          </exception> <!-- java.lang.AssertionError -->
          <reporter-output>
          </reporter-output>
        </test-method> <!-- testScenario3_InputFormSubmitTest -->
        <test-method is-config="true" signature="tearDown()[pri:0, instance:LamdaTestFiles.LambdaTestForIEBrowser@5bf0d49]" started-at="2025-03-29T17:03:53 IST" name="tearDown" finished-at="2025-03-29T17:03:53 IST" duration-ms="84" status="PASS">
          <reporter-output>
          </reporter-output>
        </test-method> <!-- tearDown -->
      </class> <!-- LamdaTestFiles.LambdaTestForIEBrowser -->
      <class name="LamdaTestFiles.LambdaTestForEdgeBrowser">
        <test-method is-config="true" signature="setup()[pri:0, instance:LamdaTestFiles.LambdaTestForEdgeBrowser@145f66e3]" started-at="2025-03-29T17:02:13 IST" name="setup" finished-at="2025-03-29T17:02:22 IST" duration-ms="8724" status="PASS">
          <reporter-output>
          </reporter-output>
        </test-method> <!-- setup -->
        <test-method signature="testScenario_SimpleFromDemoTest()[pri:0, instance:LamdaTestFiles.LambdaTestForEdgeBrowser@145f66e3]" started-at="2025-03-29T17:02:22 IST" name="testScenario_SimpleFromDemoTest" finished-at="2025-03-29T17:02:24 IST" duration-ms="2375" status="PASS">
          <reporter-output>
          </reporter-output>
        </test-method> <!-- testScenario_SimpleFromDemoTest -->
        <test-method is-config="true" signature="tearDown()[pri:0, instance:LamdaTestFiles.LambdaTestForEdgeBrowser@145f66e3]" started-at="2025-03-29T17:02:24 IST" name="tearDown" finished-at="2025-03-29T17:02:24 IST" duration-ms="134" status="PASS">
          <reporter-output>
          </reporter-output>
        </test-method> <!-- tearDown -->
        <test-method is-config="true" signature="setup()[pri:0, instance:LamdaTestFiles.LambdaTestForEdgeBrowser@145f66e3]" started-at="2025-03-29T17:02:24 IST" name="setup" finished-at="2025-03-29T17:02:40 IST" duration-ms="15465" status="PASS">
          <reporter-output>
          </reporter-output>
        </test-method> <!-- setup -->
        <test-method signature="testScenario2_DragAndDropSliderTest()[pri:1, instance:LamdaTestFiles.LambdaTestForEdgeBrowser@145f66e3]" started-at="2025-03-29T17:02:40 IST" name="testScenario2_DragAndDropSliderTest" finished-at="2025-03-29T17:02:42 IST" duration-ms="2520" status="PASS">
          <reporter-output>
          </reporter-output>
        </test-method> <!-- testScenario2_DragAndDropSliderTest -->
        <test-method is-config="true" signature="tearDown()[pri:0, instance:LamdaTestFiles.LambdaTestForEdgeBrowser@145f66e3]" started-at="2025-03-29T17:02:42 IST" name="tearDown" finished-at="2025-03-29T17:02:42 IST" duration-ms="245" status="PASS">
          <reporter-output>
          </reporter-output>
        </test-method> <!-- tearDown -->
        <test-method is-config="true" signature="setup()[pri:0, instance:LamdaTestFiles.LambdaTestForEdgeBrowser@145f66e3]" started-at="2025-03-29T17:02:42 IST" name="setup" finished-at="2025-03-29T17:02:58 IST" duration-ms="15238" status="PASS">
          <reporter-output>
          </reporter-output>
        </test-method> <!-- setup -->
        <test-method signature="testScenario3_InputFormSubmitTest()[pri:2, instance:LamdaTestFiles.LambdaTestForEdgeBrowser@145f66e3]" started-at="2025-03-29T17:02:58 IST" name="testScenario3_InputFormSubmitTest" finished-at="2025-03-29T17:03:05 IST" duration-ms="7003" status="PASS">
          <reporter-output>
          </reporter-output>
        </test-method> <!-- testScenario3_InputFormSubmitTest -->
        <test-method is-config="true" signature="tearDown()[pri:0, instance:LamdaTestFiles.LambdaTestForEdgeBrowser@145f66e3]" started-at="2025-03-29T17:03:05 IST" name="tearDown" finished-at="2025-03-29T17:03:05 IST" duration-ms="294" status="PASS">
          <reporter-output>
          </reporter-output>
        </test-method> <!-- tearDown -->
      </class> <!-- LamdaTestFiles.LambdaTestForEdgeBrowser -->
      <class name="LamdaTestFiles.LambdaTestForChromeBrowser">
        <test-method is-config="true" signature="setup()[pri:0, instance:LamdaTestFiles.LambdaTestForChromeBrowser@776aec5c]" started-at="2025-03-29T17:04:58 IST" name="setup" finished-at="2025-03-29T17:05:20 IST" duration-ms="21980" status="PASS">
          <reporter-output>
          </reporter-output>
        </test-method> <!-- setup -->
        <test-method signature="testScenario_SimpleFromDemoTest()[pri:0, instance:LamdaTestFiles.LambdaTestForChromeBrowser@776aec5c]" started-at="2025-03-29T17:05:20 IST" name="testScenario_SimpleFromDemoTest" finished-at="2025-03-29T17:05:24 IST" duration-ms="4140" status="PASS">
          <reporter-output>
          </reporter-output>
        </test-method> <!-- testScenario_SimpleFromDemoTest -->
        <test-method is-config="true" signature="tearDown()[pri:0, instance:LamdaTestFiles.LambdaTestForChromeBrowser@776aec5c]" started-at="2025-03-29T17:05:24 IST" name="tearDown" finished-at="2025-03-29T17:05:24 IST" duration-ms="134" status="PASS">
          <reporter-output>
          </reporter-output>
        </test-method> <!-- tearDown -->
        <test-method is-config="true" signature="setup()[pri:0, instance:LamdaTestFiles.LambdaTestForChromeBrowser@776aec5c]" started-at="2025-03-29T17:05:24 IST" name="setup" finished-at="2025-03-29T17:05:32 IST" duration-ms="8200" status="PASS">
          <reporter-output>
          </reporter-output>
        </test-method> <!-- setup -->
        <test-method signature="testScenario2_DragAndDropSliderTest()[pri:1, instance:LamdaTestFiles.LambdaTestForChromeBrowser@776aec5c]" started-at="2025-03-29T17:05:32 IST" name="testScenario2_DragAndDropSliderTest" finished-at="2025-03-29T17:05:36 IST" duration-ms="3736" status="PASS">
          <reporter-output>
          </reporter-output>
        </test-method> <!-- testScenario2_DragAndDropSliderTest -->
        <test-method is-config="true" signature="tearDown()[pri:0, instance:LamdaTestFiles.LambdaTestForChromeBrowser@776aec5c]" started-at="2025-03-29T17:05:36 IST" name="tearDown" finished-at="2025-03-29T17:05:36 IST" duration-ms="124" status="PASS">
          <reporter-output>
          </reporter-output>
        </test-method> <!-- tearDown -->
        <test-method is-config="true" signature="setup()[pri:0, instance:LamdaTestFiles.LambdaTestForChromeBrowser@776aec5c]" started-at="2025-03-29T17:05:36 IST" name="setup" finished-at="2025-03-29T17:05:58 IST" duration-ms="21727" status="PASS">
          <reporter-output>
          </reporter-output>
        </test-method> <!-- setup -->
        <test-method signature="testScenario3_InputFormSubmitTest()[pri:2, instance:LamdaTestFiles.LambdaTestForChromeBrowser@776aec5c]" started-at="2025-03-29T17:05:58 IST" name="testScenario3_InputFormSubmitTest" finished-at="2025-03-29T17:06:06 IST" duration-ms="8251" status="PASS">
          <reporter-output>
          </reporter-output>
        </test-method> <!-- testScenario3_InputFormSubmitTest -->
        <test-method is-config="true" signature="tearDown()[pri:0, instance:LamdaTestFiles.LambdaTestForChromeBrowser@776aec5c]" started-at="2025-03-29T17:06:06 IST" name="tearDown" finished-at="2025-03-29T17:06:06 IST" duration-ms="164" status="PASS">
          <reporter-output>
          </reporter-output>
        </test-method> <!-- tearDown -->
      </class> <!-- LamdaTestFiles.LambdaTestForChromeBrowser -->
      <class name="LamdaTestFiles.LambdaTestForFirefoxBrowser">
        <test-method is-config="true" signature="setup()[pri:0, instance:LamdaTestFiles.LambdaTestForFirefoxBrowser@5b7a5baa]" started-at="2025-03-29T17:03:53 IST" name="setup" finished-at="2025-03-29T17:04:06 IST" duration-ms="13503" status="PASS">
          <reporter-output>
          </reporter-output>
        </test-method> <!-- setup -->
        <test-method signature="testScenario_SimpleFromDemoTest()[pri:0, instance:LamdaTestFiles.LambdaTestForFirefoxBrowser@5b7a5baa]" started-at="2025-03-29T17:04:06 IST" name="testScenario_SimpleFromDemoTest" finished-at="2025-03-29T17:04:12 IST" duration-ms="5808" status="PASS">
          <reporter-output>
          </reporter-output>
        </test-method> <!-- testScenario_SimpleFromDemoTest -->
        <test-method is-config="true" signature="tearDown()[pri:0, instance:LamdaTestFiles.LambdaTestForFirefoxBrowser@5b7a5baa]" started-at="2025-03-29T17:04:12 IST" name="tearDown" finished-at="2025-03-29T17:04:13 IST" duration-ms="1103" status="PASS">
          <reporter-output>
          </reporter-output>
        </test-method> <!-- tearDown -->
        <test-method is-config="true" signature="setup()[pri:0, instance:LamdaTestFiles.LambdaTestForFirefoxBrowser@5b7a5baa]" started-at="2025-03-29T17:04:13 IST" name="setup" finished-at="2025-03-29T17:04:28 IST" duration-ms="14581" status="PASS">
          <reporter-output>
          </reporter-output>
        </test-method> <!-- setup -->
        <test-method signature="testScenario2_DragAndDropSliderTest()[pri:1, instance:LamdaTestFiles.LambdaTestForFirefoxBrowser@5b7a5baa]" started-at="2025-03-29T17:04:28 IST" name="testScenario2_DragAndDropSliderTest" finished-at="2025-03-29T17:04:31 IST" duration-ms="3178" status="PASS">
          <reporter-output>
          </reporter-output>
        </test-method> <!-- testScenario2_DragAndDropSliderTest -->
        <test-method is-config="true" signature="tearDown()[pri:0, instance:LamdaTestFiles.LambdaTestForFirefoxBrowser@5b7a5baa]" started-at="2025-03-29T17:04:31 IST" name="tearDown" finished-at="2025-03-29T17:04:32 IST" duration-ms="1050" status="PASS">
          <reporter-output>
          </reporter-output>
        </test-method> <!-- tearDown -->
        <test-method is-config="true" signature="setup()[pri:0, instance:LamdaTestFiles.LambdaTestForFirefoxBrowser@5b7a5baa]" started-at="2025-03-29T17:04:32 IST" name="setup" finished-at="2025-03-29T17:04:46 IST" duration-ms="14415" status="PASS">
          <reporter-output>
          </reporter-output>
        </test-method> <!-- setup -->
        <test-method signature="testScenario3_InputFormSubmitTest()[pri:2, instance:LamdaTestFiles.LambdaTestForFirefoxBrowser@5b7a5baa]" started-at="2025-03-29T17:04:46 IST" name="testScenario3_InputFormSubmitTest" finished-at="2025-03-29T17:04:57 IST" duration-ms="10637" status="PASS">
          <reporter-output>
          </reporter-output>
        </test-method> <!-- testScenario3_InputFormSubmitTest -->
        <test-method is-config="true" signature="tearDown()[pri:0, instance:LamdaTestFiles.LambdaTestForFirefoxBrowser@5b7a5baa]" started-at="2025-03-29T17:04:57 IST" name="tearDown" finished-at="2025-03-29T17:04:58 IST" duration-ms="1023" status="PASS">
          <reporter-output>
          </reporter-output>
        </test-method> <!-- tearDown -->
      </class> <!-- LamdaTestFiles.LambdaTestForFirefoxBrowser -->
    </test> <!-- Test -->
  </suite> <!-- SeleniumJava 101 Suite -->
</testng-results>
